INFO: [VRFC 10-2263] Analyzing Verilog file "D:/Circuit/AES/async_AES_iterative/async_AES_iterative.sim/sim_1/synth/timing/xsim/AES_tb_time_synth.v" into library xil_defaultlib
INFO: [VRFC 10-311] analyzing module ADD
INFO: [VRFC 10-311] analyzing module ADD__1
INFO: [VRFC 10-311] analyzing module ADD__2
INFO: [VRFC 10-311] analyzing module AES
INFO: [VRFC 10-311] analyzing module MIX
INFO: [VRFC 10-311] analyzing module SUBH
INFO: [VRFC 10-311] analyzing module SUBH__1
INFO: [VRFC 10-311] analyzing module add_round_key
INFO: [VRFC 10-311] analyzing module add_round_key__1
INFO: [VRFC 10-311] analyzing module add_round_key__2
INFO: [VRFC 10-311] analyzing module column_calculator
INFO: [VRFC 10-311] analyzing module column_calculator__1
INFO: [VRFC 10-311] analyzing module column_calculator__2
INFO: [VRFC 10-311] analyzing module column_calculator__3
INFO: [VRFC 10-311] analyzing module decoupled_hs_reg
INFO: [VRFC 10-311] analyzing module decoupled_hs_reg__parameterized0
INFO: [VRFC 10-311] analyzing module decoupled_hs_reg__parameterized0__1
INFO: [VRFC 10-311] analyzing module decoupled_hs_reg__parameterized0__2
INFO: [VRFC 10-311] analyzing module decoupled_hs_reg__parameterized0__3
INFO: [VRFC 10-311] analyzing module decoupled_hs_reg__parameterized0__4
INFO: [VRFC 10-311] analyzing module decoupled_hs_reg__parameterized0__5
INFO: [VRFC 10-311] analyzing module decoupled_hs_reg__parameterized0__6
INFO: [VRFC 10-311] analyzing module decoupled_hs_reg__parameterized0__7
INFO: [VRFC 10-311] analyzing module delay_element
INFO: [VRFC 10-311] analyzing module delay_element__1
INFO: [VRFC 10-311] analyzing module delay_element__2
INFO: [VRFC 10-311] analyzing module delay_element__3
INFO: [VRFC 10-311] analyzing module delay_element__4
INFO: [VRFC 10-311] analyzing module delay_element__5
INFO: [VRFC 10-311] analyzing module delay_element__6
INFO: [VRFC 10-311] analyzing module demux
INFO: [VRFC 10-311] analyzing module fork
INFO: [VRFC 10-311] analyzing module gfmult_by2
INFO: [VRFC 10-311] analyzing module gfmult_by2__1
INFO: [VRFC 10-311] analyzing module gfmult_by2__10
INFO: [VRFC 10-311] analyzing module gfmult_by2__11
INFO: [VRFC 10-311] analyzing module gfmult_by2__12
INFO: [VRFC 10-311] analyzing module gfmult_by2__13
INFO: [VRFC 10-311] analyzing module gfmult_by2__14
INFO: [VRFC 10-311] analyzing module gfmult_by2__15
INFO: [VRFC 10-311] analyzing module gfmult_by2__2
INFO: [VRFC 10-311] analyzing module gfmult_by2__3
INFO: [VRFC 10-311] analyzing module gfmult_by2__4
INFO: [VRFC 10-311] analyzing module gfmult_by2__5
INFO: [VRFC 10-311] analyzing module gfmult_by2__6
INFO: [VRFC 10-311] analyzing module gfmult_by2__7
INFO: [VRFC 10-311] analyzing module gfmult_by2__8
INFO: [VRFC 10-311] analyzing module gfmult_by2__9
INFO: [VRFC 10-311] analyzing module key_schedule
INFO: [VRFC 10-311] analyzing module key_schedule__1
INFO: [VRFC 10-311] analyzing module key_schedule__2
INFO: [VRFC 10-311] analyzing module mix_columns
INFO: [VRFC 10-311] analyzing module mux
INFO: [VRFC 10-311] analyzing module rcon
INFO: [VRFC 10-311] analyzing module rcon__1
INFO: [VRFC 10-311] analyzing module rcon__2
INFO: [VRFC 10-311] analyzing module reg_fork
INFO: [VRFC 10-311] analyzing module round_check
INFO: [VRFC 10-311] analyzing module round_increment
INFO: [VRFC 10-311] analyzing module round_increment__1
INFO: [VRFC 10-311] analyzing module round_increment__2
INFO: [VRFC 10-311] analyzing module sbox
INFO: [VRFC 10-311] analyzing module sbox__1
INFO: [VRFC 10-311] analyzing module sbox__10
INFO: [VRFC 10-311] analyzing module sbox__11
INFO: [VRFC 10-311] analyzing module sbox__12
INFO: [VRFC 10-311] analyzing module sbox__13
INFO: [VRFC 10-311] analyzing module sbox__14
INFO: [VRFC 10-311] analyzing module sbox__15
INFO: [VRFC 10-311] analyzing module sbox__16
INFO: [VRFC 10-311] analyzing module sbox__17
INFO: [VRFC 10-311] analyzing module sbox__18
INFO: [VRFC 10-311] analyzing module sbox__19
INFO: [VRFC 10-311] analyzing module sbox__2
INFO: [VRFC 10-311] analyzing module sbox__20
INFO: [VRFC 10-311] analyzing module sbox__21
INFO: [VRFC 10-311] analyzing module sbox__22
INFO: [VRFC 10-311] analyzing module sbox__23
INFO: [VRFC 10-311] analyzing module sbox__24
INFO: [VRFC 10-311] analyzing module sbox__25
INFO: [VRFC 10-311] analyzing module sbox__26
INFO: [VRFC 10-311] analyzing module sbox__27
INFO: [VRFC 10-311] analyzing module sbox__28
INFO: [VRFC 10-311] analyzing module sbox__29
INFO: [VRFC 10-311] analyzing module sbox__3
INFO: [VRFC 10-311] analyzing module sbox__30
INFO: [VRFC 10-311] analyzing module sbox__31
INFO: [VRFC 10-311] analyzing module sbox__32
INFO: [VRFC 10-311] analyzing module sbox__33
INFO: [VRFC 10-311] analyzing module sbox__34
INFO: [VRFC 10-311] analyzing module sbox__35
INFO: [VRFC 10-311] analyzing module sbox__36
INFO: [VRFC 10-311] analyzing module sbox__37
INFO: [VRFC 10-311] analyzing module sbox__38
INFO: [VRFC 10-311] analyzing module sbox__39
INFO: [VRFC 10-311] analyzing module sbox__4
INFO: [VRFC 10-311] analyzing module sbox__40
INFO: [VRFC 10-311] analyzing module sbox__41
INFO: [VRFC 10-311] analyzing module sbox__42
INFO: [VRFC 10-311] analyzing module sbox__43
INFO: [VRFC 10-311] analyzing module sbox__5
INFO: [VRFC 10-311] analyzing module sbox__6
INFO: [VRFC 10-311] analyzing module sbox__7
INFO: [VRFC 10-311] analyzing module sbox__8
INFO: [VRFC 10-311] analyzing module sbox__9
INFO: [VRFC 10-311] analyzing module shift_rows
INFO: [VRFC 10-311] analyzing module shift_rows__1
INFO: [VRFC 10-311] analyzing module sub_bytes
INFO: [VRFC 10-311] analyzing module sub_bytes__1
INFO: [VRFC 10-311] analyzing module glbl
